<?xml version="1.0" encoding="UTF-8"?>
<!-- Generated by org.testng.reporters.JUnitXMLReporter -->
<testsuite hostname="Administrators-MacBook-Pro.local" failures="1" tests="1" name="Command line test" time="20.863" errors="0" timestamp="17 Jun 2019 09:22:50 GMT">
  <testcase classname="runners.RunnerTest" name="feature" time="19.929">
    <failure type="cucumber.runtime.CucumberException" message="org.junit.ComparisonFailure: Test failed. Actual value: 18.75 doesn&amp;apos;t match the expected value: 18.99               expected:&amp;lt;18.[99              ]&amp;gt; but was:&amp;lt;18.[75]&amp;gt;">
      <![CDATA[cucumber.runtime.CucumberException: org.junit.ComparisonFailure: Test failed. Actual value: 18.75 doesn't match the expected value: 18.99               expected:<18.[99              ]> but was:<18.[75]>
	at cucumber.api.testng.TestNGCucumberRunner.runCucumber(TestNGCucumberRunner.java:69)
	at cucumber.api.testng.AbstractTestNGCucumberTests.feature(AbstractTestNGCucumberTests.java:21)
Caused by: org.junit.ComparisonFailure: Test failed. Actual value: 18.75 doesn't match the expected value: 18.99               expected:<18.[99              ]> but was:<18.[75]>
	at org.junit.Assert.assertEquals(Assert.java:115)
	at pageObjects.StockPage.lambda$assertDisplayedValue$0(StockPage.java:37)
	at java.base/java.util.ArrayList.forEach(ArrayList.java:1540)
	at pageObjects.StockPage.assertDisplayedValue(StockPage.java:29)
	at stepDefs.PERatioStepDef.i_see_the_P_E_Ratio_for_Stock_in_My_Stock_section_calculated(PERatioStepDef.java:18)
	at âœ½.Then I see the P/E Ratio for POP Stock in My Stock section calculated(features/PEratio.feature:15)
... Removed 33 stack frames]]>
    </failure>
  </testcase> <!-- feature -->
</testsuite> <!-- Command line test -->
