<?xml version="1.0" encoding="UTF-8" ?>
<testsuite tests="1" failures="1" name="runners.RunnerTest" time="19.953" errors="0" skipped="0">
  <properties>
    <property name="java.runtime.name" value="Java(TM) SE Runtime Environment"/>
    <property name="java.vm.version" value="11.0.2+9-LTS"/>
    <property name="sun.boot.library.path" value="/Library/Java/JavaVirtualMachines/jdk-11.0.2.jdk/Contents/Home/lib"/>
    <property name="gopherProxySet" value="false"/>
    <property name="maven.multiModuleProjectDirectory" value="/Users/natalialyaskina/IdeaProjects/Automation_testing_personal_project"/>
    <property name="java.vm.vendor" value="Oracle Corporation"/>
    <property name="java.vendor.url" value="http://java.oracle.com/"/>
    <property name="guice.disable.misplaced.annotation.check" value="true"/>
    <property name="path.separator" value=":"/>
    <property name="java.vm.name" value="Java HotSpot(TM) 64-Bit Server VM"/>
    <property name="sun.os.patch.level" value="unknown"/>
    <property name="user.country" value="GB"/>
    <property name="sun.java.launcher" value="SUN_STANDARD"/>
    <property name="java.vm.specification.name" value="Java Virtual Machine Specification"/>
    <property name="user.dir" value="/Users/natalialyaskina/IdeaProjects/Automation_testing_personal_project"/>
    <property name="java.vm.compressedOopsMode" value="Zero based"/>
    <property name="java.runtime.version" value="11.0.2+9-LTS"/>
    <property name="java.awt.graphicsenv" value="sun.awt.CGraphicsEnvironment"/>
    <property name="os.arch" value="x86_64"/>
    <property name="java.io.tmpdir" value="/var/folders/fc/tvgtgbf10936dz99pqgn84fh0000gp/T/"/>
    <property name="line.separator" value="
"/>
    <property name="java.vm.specification.vendor" value="Oracle Corporation"/>
    <property name="os.name" value="Mac OS X"/>
    <property name="classworlds.conf" value="/Applications/apache-maven-3.6.0/bin/m2.conf"/>
    <property name="sun.jnu.encoding" value="UTF-8"/>
    <property name="java.library.path" value="/Users/natalialyaskina/Library/Java/Extensions:/Library/Java/Extensions:/Network/Library/Java/Extensions:/System/Library/Java/Extensions:/usr/lib/java:."/>
    <property name="maven.conf" value="/Applications/apache-maven-3.6.0/conf"/>
    <property name="jdk.debug" value="release"/>
    <property name="java.class.version" value="55.0"/>
    <property name="java.specification.name" value="Java Platform API Specification"/>
    <property name="sun.management.compiler" value="HotSpot 64-Bit Tiered Compilers"/>
    <property name="os.version" value="10.14.3"/>
    <property name="library.jansi.path" value="/Applications/apache-maven-3.6.0/lib/jansi-native"/>
    <property name="http.nonProxyHosts" value="local|*.local|169.254/16|*.169.254/16"/>
    <property name="user.home" value="/Users/natalialyaskina"/>
    <property name="user.timezone" value="Europe/London"/>
    <property name="java.awt.printerjob" value="sun.lwawt.macosx.CPrinterJob"/>
    <property name="file.encoding" value="UTF-8"/>
    <property name="java.specification.version" value="11"/>
    <property name="user.name" value="natalialyaskina"/>
    <property name="java.class.path" value="/Applications/apache-maven-3.6.0/boot/plexus-classworlds-2.5.2.jar"/>
    <property name="java.vm.specification.version" value="11"/>
    <property name="sun.arch.data.model" value="64"/>
    <property name="sun.java.command" value="org.codehaus.plexus.classworlds.launcher.Launcher test"/>
    <property name="java.home" value="/Library/Java/JavaVirtualMachines/jdk-11.0.2.jdk/Contents/Home"/>
    <property name="user.language" value="en"/>
    <property name="java.specification.vendor" value="Oracle Corporation"/>
    <property name="awt.toolkit" value="sun.lwawt.macosx.LWCToolkit"/>
    <property name="java.vm.info" value="mixed mode"/>
    <property name="java.version" value="11.0.2"/>
    <property name="java.vendor" value="Oracle Corporation"/>
    <property name="maven.home" value="/Applications/apache-maven-3.6.0"/>
    <property name="file.separator" value="/"/>
    <property name="java.version.date" value="2019-01-15"/>
    <property name="java.vendor.url.bug" value="http://bugreport.java.com/bugreport/"/>
    <property name="sun.io.unicode.encoding" value="UnicodeBig"/>
    <property name="sun.cpu.endian" value="little"/>
    <property name="java.vendor.version" value="18.9"/>
    <property name="socksNonProxyHosts" value="local|*.local|169.254/16|*.169.254/16"/>
    <property name="ftp.nonProxyHosts" value="local|*.local|169.254/16|*.169.254/16"/>
    <property name="sun.cpu.isalist" value=""/>
  </properties>
  <testcase classname="runners.RunnerTest" name="feature" time="19.953">
    <failure message="org.junit.ComparisonFailure: Test failed. Actual value: 18.75 doesn&apos;t match the expected value: 18.99               expected:&lt;18.[99              ]&gt; but was:&lt;18.[75]&gt;" type="cucumber.runtime.CucumberException">cucumber.runtime.CucumberException: org.junit.ComparisonFailure: Test failed. Actual value: 18.75 doesn&apos;t match the expected value: 18.99               expected:&lt;18.[99              ]&gt; but was:&lt;18.[75]&gt;
	at cucumber.api.testng.TestNGCucumberRunner.runCucumber(TestNGCucumberRunner.java:69)
	at cucumber.api.testng.AbstractTestNGCucumberTests.feature(AbstractTestNGCucumberTests.java:21)
	at java.base/jdk.internal.reflect.NativeMethodAccessorImpl.invoke0(Native Method)
	at java.base/jdk.internal.reflect.NativeMethodAccessorImpl.invoke(NativeMethodAccessorImpl.java:62)
	at java.base/jdk.internal.reflect.DelegatingMethodAccessorImpl.invoke(DelegatingMethodAccessorImpl.java:43)
	at java.base/java.lang.reflect.Method.invoke(Method.java:566)
	at org.testng.internal.MethodInvocationHelper.invokeMethod(MethodInvocationHelper.java:86)
	at org.testng.internal.Invoker.invokeMethod(Invoker.java:643)
	at org.testng.internal.Invoker.invokeTestMethod(Invoker.java:820)
	at org.testng.internal.Invoker.invokeTestMethods(Invoker.java:1128)
	at org.testng.internal.TestMethodWorker.invokeTestMethods(TestMethodWorker.java:129)
	at org.testng.internal.TestMethodWorker.run(TestMethodWorker.java:112)
	at org.testng.TestRunner.privateRun(TestRunner.java:782)
	at org.testng.TestRunner.run(TestRunner.java:632)
	at org.testng.SuiteRunner.runTest(SuiteRunner.java:366)
	at org.testng.SuiteRunner.runSequentially(SuiteRunner.java:361)
	at org.testng.SuiteRunner.privateRun(SuiteRunner.java:319)
	at org.testng.SuiteRunner.run(SuiteRunner.java:268)
	at org.testng.SuiteRunnerWorker.runSuite(SuiteRunnerWorker.java:52)
	at org.testng.SuiteRunnerWorker.run(SuiteRunnerWorker.java:86)
	at org.testng.TestNG.runSuitesSequentially(TestNG.java:1244)
	at org.testng.TestNG.runSuitesLocally(TestNG.java:1169)
	at org.testng.TestNG.run(TestNG.java:1064)
	at org.apache.maven.surefire.testng.TestNGExecutor.run(TestNGExecutor.java:77)
	at org.apache.maven.surefire.testng.TestNGDirectoryTestSuite.execute(TestNGDirectoryTestSuite.java:110)
	at org.apache.maven.surefire.testng.TestNGProvider.invoke(TestNGProvider.java:106)
	at java.base/jdk.internal.reflect.NativeMethodAccessorImpl.invoke0(Native Method)
	at java.base/jdk.internal.reflect.NativeMethodAccessorImpl.invoke(NativeMethodAccessorImpl.java:62)
	at java.base/jdk.internal.reflect.DelegatingMethodAccessorImpl.invoke(DelegatingMethodAccessorImpl.java:43)
	at java.base/java.lang.reflect.Method.invoke(Method.java:566)
	at org.apache.maven.surefire.util.ReflectionUtils.invokeMethodWithArray(ReflectionUtils.java:189)
	at org.apache.maven.surefire.booter.ProviderFactory$ProviderProxy.invoke(ProviderFactory.java:165)
	at org.apache.maven.surefire.booter.ProviderFactory.invokeProvider(ProviderFactory.java:85)
	at org.apache.maven.surefire.booter.ForkedBooter.runSuitesInProcess(ForkedBooter.java:115)
	at org.apache.maven.surefire.booter.ForkedBooter.main(ForkedBooter.java:75)
Caused by: org.junit.ComparisonFailure: Test failed. Actual value: 18.75 doesn&apos;t match the expected value: 18.99               expected:&lt;18.[99              ]&gt; but was:&lt;18.[75]&gt;
	at org.junit.Assert.assertEquals(Assert.java:115)
	at pageObjects.StockPage.lambda$assertDisplayedValue$0(StockPage.java:37)
	at java.base/java.util.ArrayList.forEach(ArrayList.java:1540)
	at pageObjects.StockPage.assertDisplayedValue(StockPage.java:29)
	at stepDefs.PERatioStepDef.i_see_the_P_E_Ratio_for_Stock_in_My_Stock_section_calculated(PERatioStepDef.java:18)
	at ✽.Then I see the P/E Ratio for POP Stock in My Stock section calculated(features/PEratio.feature:15)
Caused by: org.junit.ComparisonFailure: Test failed. Actual value: 18.75 doesn&apos;t match the expected value: 18.99               expected:&lt;18.[99              ]&gt; but was:&lt;18.[75]&gt;
	at org.junit.Assert.assertEquals(Assert.java:115)
	at pageObjects.StockPage.lambda$assertDisplayedValue$0(StockPage.java:37)
	at java.base/java.util.ArrayList.forEach(ArrayList.java:1540)
	at pageObjects.StockPage.assertDisplayedValue(StockPage.java:29)
	at stepDefs.PERatioStepDef.i_see_the_P_E_Ratio_for_Stock_in_My_Stock_section_calculated(PERatioStepDef.java:18)
	at ✽.Then I see the P/E Ratio for POP Stock in My Stock section calculated(features/PEratio.feature:15)
</failure>
    <system-out>Configuring TestNG with: org.apache.maven.surefire.testng.conf.TestNG652Configurator@22a67b4
# For a given stock, given any price as input, calculate the P/E Ratio
Feature: P/E Ratio Calculation

  Scenario Outline: P/E Ratio Calculation for a given stock                       # features/PEratio.feature:8
    When I made &lt;numberOfTrades&gt; trades for &lt;stock&gt; stock with the following data
    Then I see the P/E Ratio for &lt;stock&gt; Stock in My Stock section calculated

    Examples: 

  Background:                       # features/PEratio.feature:5
    Given I am on Simple Stock page # SharedStepDef.i_am_on_Simple_Stock_page()
Expected Value: 0, Actual Value: 0

*************************@After run successfully*************************

  Scenario Outline: P/E Ratio Calculation for a given stock               # features/PEratio.feature:19
    When I made 1 trades for TEA stock with the following data            # SharedStepDef.i_made_trades_for_stock_with_the_following_data(Integer,String,DataTable)
    Then I see the P/E Ratio for TEA Stock in My Stock section calculated # PERatioStepDef.i_see_the_P_E_Ratio_for_Stock_in_My_Stock_section_calculated(String)

  Background:                       # features/PEratio.feature:5
    Given I am on Simple Stock page # SharedStepDef.i_am_on_Simple_Stock_page()
Expected Value: 18.99              , Actual Value: 18.75


  Scenario Outline: P/E Ratio Calculation for a given stock               # features/PEratio.feature:20
    When I made 1 trades for POP stock with the following data            # SharedStepDef.i_made_trades_for_stock_with_the_following_data(Integer,String,DataTable)
    Then I see the P/E Ratio for POP Stock in My Stock section calculated # PERatioStepDef.i_see_the_P_E_Ratio_for_Stock_in_My_Stock_section_calculated(String)
      org.junit.ComparisonFailure: Test failed. Actual value: 18.75 doesn&apos;t match the expected value: 18.99               expected:&lt;18.[99              ]&gt; but was:&lt;18.[75]&gt;
      	at org.junit.Assert.assertEquals(Assert.java:115)
      	at pageObjects.StockPage.lambda$assertDisplayedValue$0(StockPage.java:37)
      	at java.base/java.util.ArrayList.forEach(ArrayList.java:1540)
      	at pageObjects.StockPage.assertDisplayedValue(StockPage.java:29)
      	at stepDefs.PERatioStepDef.i_see_the_P_E_Ratio_for_Stock_in_My_Stock_section_calculated(PERatioStepDef.java:18)
      	at ✽.Then I see the P/E Ratio for POP Stock in My Stock section calculated(features/PEratio.feature:15)


  Background:                       # features/PEratio.feature:5
    Given I am on Simple Stock page # SharedStepDef.i_am_on_Simple_Stock_page()
Expected Value: 6.521739130434782, Actual Value: 6.521739130434782

*************************@After run successfully*************************

  Scenario Outline: P/E Ratio Calculation for a given stock               # features/PEratio.feature:21
    When I made 1 trades for ALE stock with the following data            # SharedStepDef.i_made_trades_for_stock_with_the_following_data(Integer,String,DataTable)
    Then I see the P/E Ratio for ALE Stock in My Stock section calculated # PERatioStepDef.i_see_the_P_E_Ratio_for_Stock_in_My_Stock_section_calculated(String)

  Background:                       # features/PEratio.feature:5
    Given I am on Simple Stock page # SharedStepDef.i_am_on_Simple_Stock_page()
Expected Value: 18.75, Actual Value: 18.75

*************************@After run successfully*************************

  Scenario Outline: P/E Ratio Calculation for a given stock               # features/PEratio.feature:22
    When I made 1 trades for GIN stock with the following data            # SharedStepDef.i_made_trades_for_stock_with_the_following_data(Integer,String,DataTable)
    Then I see the P/E Ratio for GIN Stock in My Stock section calculated # PERatioStepDef.i_see_the_P_E_Ratio_for_Stock_in_My_Stock_section_calculated(String)

  Background:                       # features/PEratio.feature:5
    Given I am on Simple Stock page # SharedStepDef.i_am_on_Simple_Stock_page()
Expected Value: 11.538461538461538, Actual Value: 11.538461538461538

*************************@After run successfully*************************

  Scenario Outline: P/E Ratio Calculation for a given stock               # features/PEratio.feature:23
    When I made 1 trades for JOE stock with the following data            # SharedStepDef.i_made_trades_for_stock_with_the_following_data(Integer,String,DataTable)
    Then I see the P/E Ratio for JOE Stock in My Stock section calculated # PERatioStepDef.i_see_the_P_E_Ratio_for_Stock_in_My_Stock_section_calculated(String)

  Background:                       # features/PEratio.feature:5
    Given I am on Simple Stock page # SharedStepDef.i_am_on_Simple_Stock_page()
Expected Value: 22.5, Actual Value: 22.5

*************************@After run successfully*************************

  Scenario: P/E Ratio Calculation for a given stock based on the last trade price            # features/PEratio.feature:25
    When I made trades with the following data                                               # SharedStepDef.i_made_trades_with_the_following_data(DataTable)
    Then I see the P/E Ratio for a given Stock in My Stock section based on last trade price # PERatioStepDef.i_see_the_P_E_Ratio_for_Stock_in_My_Stock_section_calculated_based_on_last_trade_price()
</system-out>
    <system-err>SLF4J: Failed to load class &quot;org.slf4j.impl.StaticLoggerBinder&quot;.
SLF4J: Defaulting to no-operation (NOP) logger implementation
SLF4J: See http://www.slf4j.org/codes.html#StaticLoggerBinder for further details.
Starting ChromeDriver 75.0.3770.8 (681f24ea911fe754973dda2fdc6d2a2e159dd300-refs/branch-heads/3770@{#40}) on port 19780
Only local connections are allowed.
Please protect ports used by ChromeDriver and related test frameworks to prevent access by malicious code.
Jun 17, 2019 10:22:28 AM org.openqa.selenium.remote.ProtocolHandshake createSession
INFO: Detected dialect: W3C
Starting ChromeDriver 75.0.3770.8 (681f24ea911fe754973dda2fdc6d2a2e159dd300-refs/branch-heads/3770@{#40}) on port 15606
Only local connections are allowed.
Please protect ports used by ChromeDriver and related test frameworks to prevent access by malicious code.
Jun 17, 2019 10:22:31 AM org.openqa.selenium.remote.ProtocolHandshake createSession
INFO: Detected dialect: W3C
Starting ChromeDriver 75.0.3770.8 (681f24ea911fe754973dda2fdc6d2a2e159dd300-refs/branch-heads/3770@{#40}) on port 29257
Only local connections are allowed.
Please protect ports used by ChromeDriver and related test frameworks to prevent access by malicious code.
Jun 17, 2019 10:22:34 AM org.openqa.selenium.remote.ProtocolHandshake createSession
INFO: Detected dialect: W3C
Starting ChromeDriver 75.0.3770.8 (681f24ea911fe754973dda2fdc6d2a2e159dd300-refs/branch-heads/3770@{#40}) on port 26975
Only local connections are allowed.
Please protect ports used by ChromeDriver and related test frameworks to prevent access by malicious code.
Jun 17, 2019 10:22:37 AM org.openqa.selenium.remote.ProtocolHandshake createSession
INFO: Detected dialect: W3C
Starting ChromeDriver 75.0.3770.8 (681f24ea911fe754973dda2fdc6d2a2e159dd300-refs/branch-heads/3770@{#40}) on port 23687
Only local connections are allowed.
Please protect ports used by ChromeDriver and related test frameworks to prevent access by malicious code.
Jun 17, 2019 10:22:40 AM org.openqa.selenium.remote.ProtocolHandshake createSession
INFO: Detected dialect: W3C
Starting ChromeDriver 75.0.3770.8 (681f24ea911fe754973dda2fdc6d2a2e159dd300-refs/branch-heads/3770@{#40}) on port 4261
Only local connections are allowed.
Please protect ports used by ChromeDriver and related test frameworks to prevent access by malicious code.
Jun 17, 2019 10:22:43 AM org.openqa.selenium.remote.ProtocolHandshake createSession
INFO: Detected dialect: W3C
</system-err>
  </testcase>
</testsuite>